app/build/outputs/logs/manifest-merger-debug-report.txt
-- Merging decision tree log ---
manifest
ADDED from src\main\AndroidManifest.xml:2:1-39:12
	package
		ADDED from src\main\AndroidManifest.xml:3:11-52
		INJECTED from src\main\AndroidManifest.xml
		INJECTED from src\main\AndroidManifest.xml
	android:versionName
		INJECTED from src\main\AndroidManifest.xml
		INJECTED from src\main\AndroidManifest.xml
	xmlns:android
		ADDED from src\main\AndroidManifest.xml:2:11-69
	android:versionCode
		INJECTED from src\main\AndroidManifest.xml
		INJECTED from src\main\AndroidManifest.xml
application
ADDED from src\main\AndroidManifest.xml:5:5-37:19
MERGED from [com.android.support:appcompat-v7:21.0.3] AndroidManifest.xml:16:5-19
MERGED from [com.android.support:support-v4:21.0.3] AndroidManifest.xml:16:5-19
	android:label
		ADDED from src\main\AndroidManifest.xml:8:13-45
	android:supportsRtl
		ADDED from src\main\AndroidManifest.xml:9:13-39
	android:allowBackup
		ADDED from src\main\AndroidManifest.xml:6:13-39
	android:icon
		ADDED from src\main\AndroidManifest.xml:7:13-47
	android:theme
		ADDED from src\main\AndroidManifest.xml:10:13-46
activity#com.example.owner.courseplanner.SelectCompletedCourses
ADDED from src\main\AndroidManifest.xml:11:9-14:20
	android:label
		ADDED from src\main\AndroidManifest.xml:13:17-80
	android:name
		ADDED from src\main\AndroidManifest.xml:12:17-55
activity#com.example.owner.courseplanner.ChooseCourses
ADDED from src\main\AndroidManifest.xml:15:9-18:20
	android:label
		ADDED from src\main\AndroidManifest.xml:17:17-70
	android:name
		ADDED from src\main\AndroidManifest.xml:16:17-46
activity#com.example.owner.courseplanner.MyCourses
ADDED from src\main\AndroidManifest.xml:19:9-22:20
	android:label
		ADDED from src\main\AndroidManifest.xml:21:17-49
	android:name
		ADDED from src\main\AndroidManifest.xml:20:17-42
activity#com.example.owner.courseplanner.CourseArchive
ADDED from src\main\AndroidManifest.xml:23:9-26:20
	android:label
		ADDED from src\main\AndroidManifest.xml:25:17-70
	android:name
		ADDED from src\main\AndroidManifest.xml:24:17-46
activity#com.example.owner.courseplanner.AppLauncher
ADDED from src\main\AndroidManifest.xml:27:9-36:20
	android:label
		ADDED from src\main\AndroidManifest.xml:29:17-68
	android:noHistory
		ADDED from src\main\AndroidManifest.xml:30:17-41
	android:theme
		ADDED from src\main\AndroidManifest.xml:31:17-59
	android:name
		ADDED from src\main\AndroidManifest.xml:28:17-44
intent-filter#android.intent.action.MAIN+android.intent.category.LAUNCHER
ADDED from src\main\AndroidManifest.xml:32:13-35:29
action#android.intent.action.MAIN
ADDED from src\main\AndroidManifest.xml:33:17-68
	android:name
		ADDED from src\main\AndroidManifest.xml:33:25-66
category#android.intent.category.LAUNCHER
ADDED from src\main\AndroidManifest.xml:34:17-76
	android:name
		ADDED from src\main\AndroidManifest.xml:34:27-74
uses-sdk
INJECTED from src\main\AndroidManifest.xml reason: use-sdk injection requested
MERGED from [com.android.support:appcompat-v7:21.0.3] AndroidManifest.xml:15:5-42
MERGED from [com.android.support:support-v4:21.0.3] AndroidManifest.xml:15:5-42
	android:targetSdkVersion
		INJECTED from src\main\AndroidManifest.xml
		INJECTED from src\main\AndroidManifest.xml
	android:minSdkVersion
		INJECTED from src\main\AndroidManifest.xml
		INJECTED from src\main\AndroidManifest.xml